[INFO][0][<module>] Linux derecho1 5.14.21-150400.24.18-default #1 SMP PREEMPT_DYNAMIC Thu Aug 4 14:17:48 UTC 2022 (e9f7bfc) x86_64 x86_64
[INFO][0][<module>] /glade/u/home/rfisher/.local/lib/python3.9/site-packages/ILAMB (2.7)
[INFO][0][<module>] /glade/u/apps/opt/conda/envs/npl-2023a/lib/python3.9/site-packages/numpy (1.23.5)
[INFO][0][<module>] /glade/u/apps/opt/conda/envs/npl-2023a/lib/python3.9/site-packages/matplotlib (3.6.3)
[INFO][0][<module>] /glade/u/apps/opt/conda/envs/npl-2023a/lib/python3.9/site-packages/netCDF4 (1.6.2)
[INFO][0][<module>] /glade/u/apps/opt/conda/envs/npl-2023a/lib/python3.9/site-packages/cf_units (3.1.1)
[INFO][0][<module>] /glade/u/home/rfisher/.local/lib/python3.9/site-packages/sympy (1.12)
[INFO][0][<module>] /glade/u/apps/opt/conda/envs/npl-2023a/lib/python3.9/site-packages/mpi4py (3.1.4)
[INFO][0][<module>] 2024-01-03 14:02:05.509547
[INFO][3][<module>][process time] 0.0 s
[INFO][2][<module>][process time] 0.0 s
[INFO][6][<module>][process time] 0.0 s
[INFO][5][<module>][process time] 0.0 s
[INFO][0][<module>][process time] 0.0 s
[INFO][4][<module>][process time] 0.0 s
[INFO][7][<module>][process time] 0.0 s
[INFO][1][<module>][process time] 0.0 s
[INFO][0][<module>][total time] 0.4 s
[INFO][0][<module>][process balance] nan
[INFO][0][<module>][parallel efficiency] 0%
